<?xml version="1.0" encoding="UTF-8"?>
<!-- Generated by org.testng.reporters.JUnitReportReporter -->
<testsuite hostname="Admin-PC" failures="0" tests="1" name="TestingDemo.report" time="0.146" errors="0" timestamp="2021-11-16T01:04:57 IST" skipped="0">
  <testcase classname="TestingDemo.report" name="M1" time="0.146"/>
  <system-out/>
</testsuite> <!-- TestingDemo.report -->
