<?xml version="1.0" encoding="UTF-8"?>
<!-- Generated by org.testng.reporters.JUnitReportReporter -->
<testsuite hostname="Admin-PC" failures="0" tests="2" name="TestRunner.TestRunner" time="101.418" errors="0" timestamp="2021-11-19T22:44:52 IST" skipped="0">
  <testcase classname="TestRunner.TestRunner" name="runScenario" time="29.913"/>
  <system-out/>
  <testcase classname="TestRunner.TestRunner" name="runScenario" time="71.505"/>
  <system-out/>
</testsuite> <!-- TestRunner.TestRunner -->
