<?xml version="1.0" encoding="UTF-8"?>
<!-- Generated by org.testng.reporters.JUnitReportReporter -->
<testsuite hostname="Admin-PC" failures="0" tests="1" name="Runner$NewTest" time="0.012" errors="0" timestamp="2021-11-17T12:34:47 IST" skipped="0">
  <testcase classname="Runner$NewTest" name="f" time="0.012"/>
  <system-out/>
</testsuite> <!-- Runner$NewTest -->
