<?xml version="1.0" encoding="UTF-8"?>
<!-- Generated by org.testng.reporters.JUnitReportReporter -->
<testsuite hostname="Admin-PC" failures="0" tests="1" name="NewTest" time="0.094" errors="0" timestamp="2021-11-17T12:32:19 IST" skipped="0">
  <testcase classname="NewTest" name="f" time="0.094"/>
  <system-out/>
</testsuite> <!-- NewTest -->
